==1012623== Memcheck, a memory error detector
==1012623== Copyright (C) 2002-2017, and GNU GPL'd, by Julian Seward et al.
==1012623== Using Valgrind-3.18.1 and LibVEX; rerun with -h for copyright info
==1012623== Command: ./cosolv_ani -f 1 -M 1 -p 4mer.txt -t geom_and_esurf.txt -u energydump.mc -e orientation.mc -s stats.mc -o coords.mc
==1012623== Parent PID: 956761
==1012623== 
vex amd64->IR: unhandled instruction bytes: 0x62 0xF1 0xFD 0x8 0x6F 0x55 0x0 0x62 0xF1 0xFD
vex amd64->IR:   REX=0 REX.W=0 REX.R=0 REX.X=0 REX.B=0
vex amd64->IR:   VEX=0 VEX.L=0 VEX.nVVVV=0x0 ESC=NONE
vex amd64->IR:   PFX.66=0 PFX.F2=0 PFX.F3=0
==1012623== valgrind: Unrecognised instruction at address 0x40862e.
==1012623==    at 0x40862E: construct<std::pair<int const, std::array<double, 3> >, const std::pair<int const, std::array<double, 3> >&> (new:169)
==1012623==    by 0x40862E: construct<std::pair<int const, std::array<double, 3> >, const std::pair<int const, std::array<double, 3> >&> (alloc_traits.h:475)
==1012623==    by 0x40862E: _M_construct_node<const std::pair<int const, std::array<double, 3> >&> (stl_tree.h:626)
==1012623==    by 0x40862E: _M_create_node<const std::pair<int const, std::array<double, 3> >&> (stl_tree.h:643)
==1012623==    by 0x40862E: operator()<const std::pair<int const, std::array<double, 3> >&> (stl_tree.h:556)
==1012623==    by 0x40862E: _M_insert_<const std::pair<int const, std::array<double, 3> >&, std::_Rb_tree<int, std::pair<int const, std::array<double, 3> >, std::_Select1st<std::pair<int const, std::array<double, 3> > >, std::less<int>, std::allocator<std::pair<int const, std::array<double, 3> > > >::_Alloc_node> (stl_tree.h:1776)
==1012623==    by 0x40862E: _M_insert_unique_<const std::pair<int const, std::array<double, 3> >&, std::_Rb_tree<int, std::pair<int const, std::array<double, 3> >, std::_Select1st<std::pair<int const, std::array<double, 3> > >, std::less<int>, std::allocator<std::pair<int const, std::array<double, 3> > > >::_Alloc_node> (stl_tree.h:2229)
==1012623==    by 0x40862E: _M_insert_unique<const std::pair<int const, std::array<double, 3> >*> (stl_tree.h:2475)
==1012623==    by 0x40862E: map (stl_map.h:230)
==1012623==    by 0x40862E: __static_initialization_and_destruction_0(int, int) [clone .constprop.1148] (misc.cpp:39)
==1012623==    by 0x44348C: __libc_csu_init (in /scratch/gpfs/satyend/MC_POLYMER/polymer_lattice/lattice_md/current/Explicit_Solvation/src/vanilla_hamiltonian/appropriately_biased_cosolvent/src/parallel_1/cosolv_ani)
==1012623==    by 0x5E33C7D: (below main) (in /usr/lib64/libc-2.28.so)
==1012623== Your program just tried to execute an instruction that Valgrind
==1012623== did not recognise.  There are two possible reasons for this.
==1012623== 1. Your program has a bug and erroneously jumped to a non-code
==1012623==    location.  If you are running Memcheck and you just saw a
==1012623==    warning about a bad jump, it's probably your program's fault.
==1012623== 2. The instruction is legitimate but Valgrind doesn't handle it,
==1012623==    i.e. it's Valgrind's fault.  If you think this is the case or
==1012623==    you are not sure, please let us know and we'll try to fix it.
==1012623== Either way, Valgrind will now raise a SIGILL signal which will
==1012623== probably kill your program.
==1012623== 
==1012623== Process terminating with default action of signal 4 (SIGILL)
==1012623==  Illegal opcode at address 0x40862E
==1012623==    at 0x40862E: construct<std::pair<int const, std::array<double, 3> >, const std::pair<int const, std::array<double, 3> >&> (new:169)
==1012623==    by 0x40862E: construct<std::pair<int const, std::array<double, 3> >, const std::pair<int const, std::array<double, 3> >&> (alloc_traits.h:475)
==1012623==    by 0x40862E: _M_construct_node<const std::pair<int const, std::array<double, 3> >&> (stl_tree.h:626)
==1012623==    by 0x40862E: _M_create_node<const std::pair<int const, std::array<double, 3> >&> (stl_tree.h:643)
==1012623==    by 0x40862E: operator()<const std::pair<int const, std::array<double, 3> >&> (stl_tree.h:556)
==1012623==    by 0x40862E: _M_insert_<const std::pair<int const, std::array<double, 3> >&, std::_Rb_tree<int, std::pair<int const, std::array<double, 3> >, std::_Select1st<std::pair<int const, std::array<double, 3> > >, std::less<int>, std::allocator<std::pair<int const, std::array<double, 3> > > >::_Alloc_node> (stl_tree.h:1776)
==1012623==    by 0x40862E: _M_insert_unique_<const std::pair<int const, std::array<double, 3> >&, std::_Rb_tree<int, std::pair<int const, std::array<double, 3> >, std::_Select1st<std::pair<int const, std::array<double, 3> > >, std::less<int>, std::allocator<std::pair<int const, std::array<double, 3> > > >::_Alloc_node> (stl_tree.h:2229)
==1012623==    by 0x40862E: _M_insert_unique<const std::pair<int const, std::array<double, 3> >*> (stl_tree.h:2475)
==1012623==    by 0x40862E: map (stl_map.h:230)
==1012623==    by 0x40862E: __static_initialization_and_destruction_0(int, int) [clone .constprop.1148] (misc.cpp:39)
==1012623==    by 0x44348C: __libc_csu_init (in /scratch/gpfs/satyend/MC_POLYMER/polymer_lattice/lattice_md/current/Explicit_Solvation/src/vanilla_hamiltonian/appropriately_biased_cosolvent/src/parallel_1/cosolv_ani)
==1012623==    by 0x5E33C7D: (below main) (in /usr/lib64/libc-2.28.so)
==1012623== 
==1012623== HEAP SUMMARY:
==1012623==     in use at exit: 73,064 bytes in 16 blocks
==1012623==   total heap usage: 23 allocs, 7 frees, 105,952 bytes allocated
==1012623== 
==1012623== 8 bytes in 1 blocks are still reachable in loss record 1 of 11
==1012623==    at 0x4C37135: malloc (vg_replace_malloc.c:381)
==1012623==    by 0x5794DAC: ??? (in /usr/lib64/libgomp.so.1.0.0)
==1012623==    by 0x57A698A: ??? (in /usr/lib64/libgomp.so.1.0.0)
==1012623==    by 0x5793274: ??? (in /usr/lib64/libgomp.so.1.0.0)
==1012623==    by 0x4014E09: call_init.part.0 (dl-init.c:72)
==1012623==    by 0x4014F09: call_init (dl-init.c:118)
==1012623==    by 0x4014F09: _dl_init (dl-init.c:119)
==1012623==    by 0x4006019: ??? (in /usr/lib64/ld-2.28.so)
==1012623==    by 0x10: ???
==1012623==    by 0x1FFEFFC5D2: ???
==1012623==    by 0x1FFEFFC5DF: ???
==1012623==    by 0x1FFEFFC5E2: ???
==1012623==    by 0x1FFEFFC5E4: ???
==1012623== 
==1012623== 12 bytes in 1 blocks are still reachable in loss record 2 of 11
==1012623==    at 0x4C378C3: operator new(unsigned long) (vg_replace_malloc.c:422)
==1012623==    by 0x40802E: allocate (new_allocator.h:111)
==1012623==    by 0x40802E: allocate (alloc_traits.h:436)
==1012623==    by 0x40802E: _M_allocate (stl_vector.h:296)
==1012623==    by 0x40802E: _M_range_initialize<int const*> (stl_vector.h:1466)
==1012623==    by 0x40802E: std::vector<int, std::allocator<int> >::vector(std::initializer_list<int>, std::allocator<int> const&) [clone .constprop.1158] (stl_vector.h:519)
==1012623==    by 0x4080C1: __static_initialization_and_destruction_0(int, int) [clone .constprop.1148] (misc.cpp:30)
==1012623==    by 0x44348C: __libc_csu_init (in /scratch/gpfs/satyend/MC_POLYMER/polymer_lattice/lattice_md/current/Explicit_Solvation/src/vanilla_hamiltonian/appropriately_biased_cosolvent/src/parallel_1/cosolv_ani)
==1012623==    by 0x5E33C7D: (below main) (in /usr/lib64/libc-2.28.so)
==1012623== 
==1012623== 12 bytes in 1 blocks are still reachable in loss record 3 of 11
==1012623==    at 0x4C378C3: operator new(unsigned long) (vg_replace_malloc.c:422)
==1012623==    by 0x40802E: allocate (new_allocator.h:111)
==1012623==    by 0x40802E: allocate (alloc_traits.h:436)
==1012623==    by 0x40802E: _M_allocate (stl_vector.h:296)
==1012623==    by 0x40802E: _M_range_initialize<int const*> (stl_vector.h:1466)
==1012623==    by 0x40802E: std::vector<int, std::allocator<int> >::vector(std::initializer_list<int>, std::allocator<int> const&) [clone .constprop.1158] (stl_vector.h:519)
==1012623==    by 0x4080F8: __static_initialization_and_destruction_0(int, int) [clone .constprop.1148] (misc.cpp:30)
==1012623==    by 0x44348C: __libc_csu_init (in /scratch/gpfs/satyend/MC_POLYMER/polymer_lattice/lattice_md/current/Explicit_Solvation/src/vanilla_hamiltonian/appropriately_biased_cosolvent/src/parallel_1/cosolv_ani)
==1012623==    by 0x5E33C7D: (below main) (in /usr/lib64/libc-2.28.so)
==1012623== 
==1012623== 12 bytes in 1 blocks are still reachable in loss record 4 of 11
==1012623==    at 0x4C378C3: operator new(unsigned long) (vg_replace_malloc.c:422)
==1012623==    by 0x40802E: allocate (new_allocator.h:111)
==1012623==    by 0x40802E: allocate (alloc_traits.h:436)
==1012623==    by 0x40802E: _M_allocate (stl_vector.h:296)
==1012623==    by 0x40802E: _M_range_initialize<int const*> (stl_vector.h:1466)
==1012623==    by 0x40802E: std::vector<int, std::allocator<int> >::vector(std::initializer_list<int>, std::allocator<int> const&) [clone .constprop.1158] (stl_vector.h:519)
==1012623==    by 0x408134: __static_initialization_and_destruction_0(int, int) [clone .constprop.1148] (misc.cpp:30)
==1012623==    by 0x44348C: __libc_csu_init (in /scratch/gpfs/satyend/MC_POLYMER/polymer_lattice/lattice_md/current/Explicit_Solvation/src/vanilla_hamiltonian/appropriately_biased_cosolvent/src/parallel_1/cosolv_ani)
==1012623==    by 0x5E33C7D: (below main) (in /usr/lib64/libc-2.28.so)
==1012623== 
==1012623== 12 bytes in 1 blocks are still reachable in loss record 5 of 11
==1012623==    at 0x4C378C3: operator new(unsigned long) (vg_replace_malloc.c:422)
==1012623==    by 0x40802E: allocate (new_allocator.h:111)
==1012623==    by 0x40802E: allocate (alloc_traits.h:436)
==1012623==    by 0x40802E: _M_allocate (stl_vector.h:296)
==1012623==    by 0x40802E: _M_range_initialize<int const*> (stl_vector.h:1466)
==1012623==    by 0x40802E: std::vector<int, std::allocator<int> >::vector(std::initializer_list<int>, std::allocator<int> const&) [clone .constprop.1158] (stl_vector.h:519)
==1012623==    by 0x408170: __static_initialization_and_destruction_0(int, int) [clone .constprop.1148] (misc.cpp:30)
==1012623==    by 0x44348C: __libc_csu_init (in /scratch/gpfs/satyend/MC_POLYMER/polymer_lattice/lattice_md/current/Explicit_Solvation/src/vanilla_hamiltonian/appropriately_biased_cosolvent/src/parallel_1/cosolv_ani)
==1012623==    by 0x5E33C7D: (below main) (in /usr/lib64/libc-2.28.so)
==1012623== 
==1012623== 12 bytes in 1 blocks are still reachable in loss record 6 of 11
==1012623==    at 0x4C378C3: operator new(unsigned long) (vg_replace_malloc.c:422)
==1012623==    by 0x40802E: allocate (new_allocator.h:111)
==1012623==    by 0x40802E: allocate (alloc_traits.h:436)
==1012623==    by 0x40802E: _M_allocate (stl_vector.h:296)
==1012623==    by 0x40802E: _M_range_initialize<int const*> (stl_vector.h:1466)
==1012623==    by 0x40802E: std::vector<int, std::allocator<int> >::vector(std::initializer_list<int>, std::allocator<int> const&) [clone .constprop.1158] (stl_vector.h:519)
==1012623==    by 0x4081A6: __static_initialization_and_destruction_0(int, int) [clone .constprop.1148] (misc.cpp:30)
==1012623==    by 0x44348C: __libc_csu_init (in /scratch/gpfs/satyend/MC_POLYMER/polymer_lattice/lattice_md/current/Explicit_Solvation/src/vanilla_hamiltonian/appropriately_biased_cosolvent/src/parallel_1/cosolv_ani)
==1012623==    by 0x5E33C7D: (below main) (in /usr/lib64/libc-2.28.so)
==1012623== 
==1012623== 12 bytes in 1 blocks are still reachable in loss record 7 of 11
==1012623==    at 0x4C378C3: operator new(unsigned long) (vg_replace_malloc.c:422)
==1012623==    by 0x40802E: allocate (new_allocator.h:111)
==1012623==    by 0x40802E: allocate (alloc_traits.h:436)
==1012623==    by 0x40802E: _M_allocate (stl_vector.h:296)
==1012623==    by 0x40802E: _M_range_initialize<int const*> (stl_vector.h:1466)
==1012623==    by 0x40802E: std::vector<int, std::allocator<int> >::vector(std::initializer_list<int>, std::allocator<int> const&) [clone .constprop.1158] (stl_vector.h:519)
==1012623==    by 0x4081DC: __static_initialization_and_destruction_0(int, int) [clone .constprop.1148] (misc.cpp:30)
==1012623==    by 0x44348C: __libc_csu_init (in /scratch/gpfs/satyend/MC_POLYMER/polymer_lattice/lattice_md/current/Explicit_Solvation/src/vanilla_hamiltonian/appropriately_biased_cosolvent/src/parallel_1/cosolv_ani)
==1012623==    by 0x5E33C7D: (below main) (in /usr/lib64/libc-2.28.so)
==1012623== 
==1012623== 64 bytes in 1 blocks are definitely lost in loss record 8 of 11
==1012623==    at 0x4C378C3: operator new(unsigned long) (vg_replace_malloc.c:422)
==1012623==    by 0x40862D: allocate (new_allocator.h:111)
==1012623==    by 0x40862D: allocate (alloc_traits.h:436)
==1012623==    by 0x40862D: _M_get_node (stl_tree.h:588)
==1012623==    by 0x40862D: _M_create_node<const std::pair<int const, std::array<double, 3> >&> (stl_tree.h:642)
==1012623==    by 0x40862D: operator()<const std::pair<int const, std::array<double, 3> >&> (stl_tree.h:556)
==1012623==    by 0x40862D: _M_insert_<const std::pair<int const, std::array<double, 3> >&, std::_Rb_tree<int, std::pair<int const, std::array<double, 3> >, std::_Select1st<std::pair<int const, std::array<double, 3> > >, std::less<int>, std::allocator<std::pair<int const, std::array<double, 3> > > >::_Alloc_node> (stl_tree.h:1776)
==1012623==    by 0x40862D: _M_insert_unique_<const std::pair<int const, std::array<double, 3> >&, std::_Rb_tree<int, std::pair<int const, std::array<double, 3> >, std::_Select1st<std::pair<int const, std::array<double, 3> > >, std::less<int>, std::allocator<std::pair<int const, std::array<double, 3> > > >::_Alloc_node> (stl_tree.h:2229)
==1012623==    by 0x40862D: _M_insert_unique<const std::pair<int const, std::array<double, 3> >*> (stl_tree.h:2475)
==1012623==    by 0x40862D: map (stl_map.h:230)
==1012623==    by 0x40862D: __static_initialization_and_destruction_0(int, int) [clone .constprop.1148] (misc.cpp:39)
==1012623==    by 0x44348C: __libc_csu_init (in /scratch/gpfs/satyend/MC_POLYMER/polymer_lattice/lattice_md/current/Explicit_Solvation/src/vanilla_hamiltonian/appropriately_biased_cosolvent/src/parallel_1/cosolv_ani)
==1012623==    by 0x5E33C7D: (below main) (in /usr/lib64/libc-2.28.so)
==1012623== 
==1012623== 72 bytes in 6 blocks are still reachable in loss record 9 of 11
==1012623==    at 0x4C378C3: operator new(unsigned long) (vg_replace_malloc.c:422)
==1012623==    by 0x42B487: allocate (new_allocator.h:111)
==1012623==    by 0x42B487: allocate (alloc_traits.h:436)
==1012623==    by 0x42B487: _M_allocate (stl_vector.h:296)
==1012623==    by 0x42B487: _M_create_storage (stl_vector.h:311)
==1012623==    by 0x42B487: _Vector_base (stl_vector.h:260)
==1012623==    by 0x42B487: std::vector<int, std::allocator<int> >::vector(std::vector<int, std::allocator<int> > const&) (stl_vector.h:460)
==1012623==    by 0x4082A2: _Construct<std::vector<int>, const std::vector<int, std::allocator<int> >&> (stl_construct.h:75)
==1012623==    by 0x4082A2: __uninit_copy<const std::vector<int>*, std::vector<int>*> (stl_uninitialized.h:83)
==1012623==    by 0x4082A2: uninitialized_copy<const std::vector<int>*, std::vector<int>*> (stl_uninitialized.h:134)
==1012623==    by 0x4082A2: __uninitialized_copy_a<const std::vector<int>*, std::vector<int>*, std::vector<int> > (stl_uninitialized.h:289)
==1012623==    by 0x4082A2: _M_range_initialize<const std::vector<int>*> (stl_vector.h:1469)
==1012623==    by 0x4082A2: vector (stl_vector.h:519)
==1012623==    by 0x4082A2: __static_initialization_and_destruction_0(int, int) [clone .constprop.1148] (misc.cpp:31)
==1012623==    by 0x44348C: __libc_csu_init (in /scratch/gpfs/satyend/MC_POLYMER/polymer_lattice/lattice_md/current/Explicit_Solvation/src/vanilla_hamiltonian/appropriately_biased_cosolvent/src/parallel_1/cosolv_ani)
==1012623==    by 0x5E33C7D: (below main) (in /usr/lib64/libc-2.28.so)
==1012623== 
==1012623== 144 bytes in 1 blocks are still reachable in loss record 10 of 11
==1012623==    at 0x4C378C3: operator new(unsigned long) (vg_replace_malloc.c:422)
==1012623==    by 0x40826E: allocate (new_allocator.h:111)
==1012623==    by 0x40826E: allocate (alloc_traits.h:436)
==1012623==    by 0x40826E: _M_allocate (stl_vector.h:296)
==1012623==    by 0x40826E: _M_range_initialize<const std::vector<int>*> (stl_vector.h:1466)
==1012623==    by 0x40826E: vector (stl_vector.h:519)
==1012623==    by 0x40826E: __static_initialization_and_destruction_0(int, int) [clone .constprop.1148] (misc.cpp:31)
==1012623==    by 0x44348C: __libc_csu_init (in /scratch/gpfs/satyend/MC_POLYMER/polymer_lattice/lattice_md/current/Explicit_Solvation/src/vanilla_hamiltonian/appropriately_biased_cosolvent/src/parallel_1/cosolv_ani)
==1012623==    by 0x5E33C7D: (below main) (in /usr/lib64/libc-2.28.so)
==1012623== 
==1012623== 72,704 bytes in 1 blocks are still reachable in loss record 11 of 11
==1012623==    at 0x4C37135: malloc (vg_replace_malloc.c:381)
==1012623==    by 0x4ED9C19: ??? (in /usr/lib64/libstdc++.so.6.0.25)
==1012623==    by 0x4014E09: call_init.part.0 (dl-init.c:72)
==1012623==    by 0x4014F09: call_init (dl-init.c:118)
==1012623==    by 0x4014F09: _dl_init (dl-init.c:119)
==1012623==    by 0x4006019: ??? (in /usr/lib64/ld-2.28.so)
==1012623==    by 0x10: ???
==1012623==    by 0x1FFEFFC5D2: ???
==1012623==    by 0x1FFEFFC5DF: ???
==1012623==    by 0x1FFEFFC5E2: ???
==1012623==    by 0x1FFEFFC5E4: ???
==1012623==    by 0x1FFEFFC5E7: ???
==1012623==    by 0x1FFEFFC5E9: ???
==1012623== 
==1012623== LEAK SUMMARY:
==1012623==    definitely lost: 64 bytes in 1 blocks
==1012623==    indirectly lost: 0 bytes in 0 blocks
==1012623==      possibly lost: 0 bytes in 0 blocks
==1012623==    still reachable: 73,000 bytes in 15 blocks
==1012623==         suppressed: 0 bytes in 0 blocks
==1012623== 
==1012623== ERROR SUMMARY: 1 errors from 1 contexts (suppressed: 0 from 0)
