Calculating potentials...
Calculated potentials!
Calculate intra-array distances...
number of available points = 84929
On i = 0...
On i = 1...
On i = 2...
On i = 3...
On i = 4...
On i = 5...
On i = 6...
On i = 7...
On i = 8...
On i = 9...
On i = 10...
On i = 11...
On i = 12...
On i = 13...
On i = 14...
On i = 15...
On i = 16...
On i = 17...
On i = 18...
On i = 19...
On i = 20...
On i = 21...
On i = 22...
On i = 23...
On i = 24...
On i = 25...
On i = 26...
On i = 27...
On i = 28...
On i = 29...
On i = 30...
On i = 31...
On i = 32...
On i = 33...
On i = 34...
On i = 35...
On i = 36...
On i = 37...
On i = 38...
On i = 39...
On i = 40...
On i = 41...
On i = 42...
On i = 43...
On i = 44...
On i = 45...
On i = 46...
slurmstepd: error: Detected 1 oom_kill event in StepId=846833.0. Some of the step tasks have been OOM Killed.
srun: error: stellar-i07n15: task 0: Out Of Memory
srun: Terminating StepId=846833.0
"srun --nodes=1 --ntasks=1 --cpus-per-task=1 --mem-per-cpu=30GB --exclusive python better_chem_pots.py --chiac 0 --chiab -1 --chibc -10 -N 32 --mesh 300" command filed with exit code 1.
