Calculating potentials...
Calculated potentials!
Calculate intra-array distances...
number of available points = 85123
On i = 0...
On i = 1...
On i = 2...
On i = 3...
On i = 4...
On i = 5...
On i = 6...
On i = 7...
On i = 8...
On i = 9...
On i = 10...
On i = 11...
On i = 12...
On i = 13...
On i = 14...
On i = 15...
On i = 16...
On i = 17...
On i = 18...
On i = 19...
On i = 20...
On i = 21...
On i = 22...
On i = 23...
On i = 24...
On i = 25...
On i = 26...
On i = 27...
On i = 28...
On i = 29...
On i = 30...
On i = 31...
On i = 32...
On i = 33...
On i = 34...
On i = 35...
On i = 36...
On i = 37...
On i = 38...
On i = 39...
On i = 40...
On i = 41...
On i = 42...
On i = 43...
On i = 44...
On i = 45...
On i = 46...
On i = 47...
On i = 48...
On i = 49...
On i = 50...
On i = 51...
On i = 52...
On i = 53...
On i = 54...
On i = 55...
On i = 56...
On i = 57...
On i = 58...
On i = 59...
On i = 60...
On i = 61...
On i = 62...
On i = 63...
On i = 64...
On i = 65...
On i = 66...
On i = 67...
On i = 68...
On i = 69...
On i = 70...
On i = 71...
On i = 72...
On i = 73...
On i = 74...
On i = 75...
On i = 76...
On i = 77...
On i = 78...
On i = 79...
On i = 80...
On i = 81...
On i = 82...
On i = 83...
On i = 84...
On i = 85...
On i = 86...
On i = 87...
On i = 88...
On i = 89...
On i = 90...
On i = 91...
On i = 92...
On i = 93...
On i = 94...
On i = 95...
On i = 96...
On i = 97...
On i = 98...
On i = 99...
On i = 100...
On i = 101...
On i = 102...
On i = 103...
On i = 104...
On i = 105...
On i = 106...
On i = 107...
On i = 108...
On i = 109...
On i = 110...
On i = 111...
On i = 112...
On i = 113...
On i = 114...
On i = 115...
On i = 116...
On i = 117...
On i = 118...
On i = 119...
On i = 120...
On i = 121...
On i = 122...
On i = 123...
On i = 124...
On i = 125...
On i = 126...
On i = 127...
On i = 128...
On i = 129...
On i = 130...
On i = 131...
On i = 132...
On i = 133...
On i = 134...
On i = 135...
On i = 136...
On i = 137...
On i = 138...
On i = 139...
On i = 140...
On i = 141...
On i = 142...
On i = 143...
On i = 144...
On i = 145...
On i = 146...
On i = 147...
On i = 148...
On i = 149...
On i = 150...
On i = 151...
On i = 152...
On i = 153...
On i = 154...
On i = 155...
On i = 156...
slurmstepd: error: Detected 1 oom_kill event in StepId=846866.0. Some of the step tasks have been OOM Killed.
srun: error: stellar-i06n3: task 0: Out Of Memory
srun: Terminating StepId=846866.0
"srun --nodes=1 --ntasks=1 --cpus-per-task=1 --mem-per-cpu=100GB --exclusive python better_chem_pots.py --chiac 0 --chiab -1 --chibc -10 -N 32 --mesh 300 --dumpfile mu_for_selective" command filed with exit code 1.
