Calculating potentials...
Calculated potentials!
Calculate intra-array distances...
number of available points = 84929
On i = 0...
On i = 1...
On i = 2...
On i = 3...
On i = 4...
On i = 5...
On i = 6...
On i = 7...
On i = 8...
On i = 9...
On i = 10...
On i = 11...
On i = 12...
On i = 13...
On i = 14...
On i = 15...
On i = 16...
On i = 17...
On i = 18...
/var/spool/slurmd/job846829/slurm_script: line 28: 469907 Killed                  python better_chem_pots.py --chiac 0 --chiab -1 --chibc -10 --mesh 300 -N 32
"python better_chem_pots.py --chiac 0 --chiab -1 --chibc -10 --mesh 300 -N 32" command filed with exit code 137.
slurmstepd: error: Detected 1 oom_kill event in StepId=846829.batch. Some of the step tasks have been OOM Killed.
