rcount = 0
ccount = -1
Calculating chis...
Calculated!
Processing the calculated chis...
Processed!
begin plotting...
plotted!
ccount = 0
Calculating chis...
Calculated!
Processing the calculated chis...
Processed!
begin plotting...
plotted!
ccount = 1
Calculating chis...
Calculated!
Processing the calculated chis...
Processed!
begin plotting...
plotted!
ccount = 2
Calculating chis...
Calculated!
Processing the calculated chis...
Processed!
begin plotting...
plotted!
ccount = 3
Calculating chis...
Calculated!
Processing the calculated chis...
Processed!
begin plotting...
plotted!
ccount = 4
Calculating chis...
Calculated!
Processing the calculated chis...
Processed!
begin plotting...
plotted!
ccount = 5
Calculating chis...
Calculated!
Processing the calculated chis...
Processed!
begin plotting...
plotted!
ccount = 6
Calculating chis...
Calculated!
Processing the calculated chis...
Processed!
begin plotting...
plotted!
ccount = 7
Calculating chis...
Calculated!
Processing the calculated chis...
Processed!
begin plotting...
plotted!
rcount = 1
ccount = -1
Calculating chis...
Calculated!
Processing the calculated chis...
Processed!
begin plotting...
plotted!
ccount = 0
Calculating chis...
Calculated!
Processing the calculated chis...
Processed!
begin plotting...
plotted!
ccount = 1
Calculating chis...
Calculated!
Processing the calculated chis...
Processed!
begin plotting...
plotted!
ccount = 2
Calculating chis...
Calculated!
Processing the calculated chis...
Processed!
begin plotting...
plotted!
ccount = 3
Calculating chis...
Calculated!
Processing the calculated chis...
Processed!
begin plotting...
plotted!
ccount = 4
Calculating chis...
Calculated!
Processing the calculated chis...
Processed!
begin plotting...
plotted!
ccount = 5
Calculating chis...
Calculated!
Processing the calculated chis...
Processed!
begin plotting...
plotted!
ccount = 6
Calculating chis...
Calculated!
Processing the calculated chis...
Processed!
begin plotting...
plotted!
ccount = 7
Calculating chis...
Calculated!
Processing the calculated chis...
Processed!
begin plotting...
plotted!
rcount = 2
ccount = -1
Calculating chis...
Calculated!
Processing the calculated chis...
Processed!
begin plotting...
plotted!
ccount = 0
Calculating chis...
Calculated!
Processing the calculated chis...
Processed!
begin plotting...
plotted!
ccount = 1
Calculating chis...
Calculated!
Processing the calculated chis...
Processed!
begin plotting...
plotted!
ccount = 2
Calculating chis...
Calculated!
Processing the calculated chis...
Processed!
begin plotting...
plotted!
ccount = 3
Calculating chis...
Calculated!
Processing the calculated chis...
Processed!
begin plotting...
plotted!
ccount = 4
Calculating chis...
Calculated!
Processing the calculated chis...
Processed!
begin plotting...
plotted!
ccount = 5
Calculating chis...
Calculated!
Processing the calculated chis...
Processed!
begin plotting...
plotted!
ccount = 6
Calculating chis...
Calculated!
Processing the calculated chis...
Processed!
begin plotting...
plotted!
ccount = 7
Calculating chis...
Calculated!
Processing the calculated chis...
Processed!
begin plotting...
plotted!
rcount = 3
ccount = -1
Calculating chis...
Calculated!
Processing the calculated chis...
Processed!
begin plotting...
plotted!
ccount = 0
Calculating chis...
Calculated!
Processing the calculated chis...
Processed!
begin plotting...
plotted!
ccount = 1
Calculating chis...
Calculated!
Processing the calculated chis...
Processed!
begin plotting...
plotted!
ccount = 2
Calculating chis...
Calculated!
Processing the calculated chis...
Processed!
begin plotting...
plotted!
ccount = 3
Calculating chis...
Calculated!
Processing the calculated chis...
Processed!
begin plotting...
plotted!
ccount = 4
Calculating chis...
Calculated!
Processing the calculated chis...
Processed!
begin plotting...
plotted!
ccount = 5
Calculating chis...
Calculated!
Processing the calculated chis...
Processed!
begin plotting...
plotted!
ccount = 6
Calculating chis...
Calculated!
Processing the calculated chis...
Processed!
begin plotting...
plotted!
ccount = 7
Calculating chis...
Calculated!
Processing the calculated chis...
Processed!
begin plotting...
plotted!
rcount = 4
ccount = -1
Calculating chis...
Calculated!
Processing the calculated chis...
Processed!
begin plotting...
plotted!
ccount = 0
Calculating chis...
Calculated!
Processing the calculated chis...
Processed!
begin plotting...
plotted!
ccount = 1
Calculating chis...
Calculated!
Processing the calculated chis...
Processed!
begin plotting...
plotted!
ccount = 2
Calculating chis...
Calculated!
Processing the calculated chis...
Processed!
begin plotting...
plotted!
ccount = 3
Calculating chis...
Calculated!
Processing the calculated chis...
Processed!
begin plotting...
plotted!
ccount = 4
Calculating chis...
Calculated!
Processing the calculated chis...
Processed!
begin plotting...
plotted!
ccount = 5
Calculating chis...
Calculated!
Processing the calculated chis...
Processed!
begin plotting...
plotted!
ccount = 6
Calculating chis...
Calculated!
Processing the calculated chis...
Processed!
begin plotting...
plotted!
ccount = 7
Calculating chis...
Calculated!
Processing the calculated chis...
Processed!
begin plotting...
plotted!
rcount = 5
ccount = -1
Calculating chis...
Calculated!
Processing the calculated chis...
Processed!
begin plotting...
plotted!
ccount = 0
Calculating chis...
Calculated!
Processing the calculated chis...
Processed!
begin plotting...
plotted!
ccount = 1
Calculating chis...
Calculated!
Processing the calculated chis...
Processed!
begin plotting...
plotted!
ccount = 2
Calculating chis...
Calculated!
Processing the calculated chis...
Processed!
begin plotting...
plotted!
ccount = 3
Calculating chis...
Calculated!
Processing the calculated chis...
Processed!
begin plotting...
plotted!
ccount = 4
Calculating chis...
Calculated!
Processing the calculated chis...
Processed!
begin plotting...
plotted!
ccount = 5
Calculating chis...
Calculated!
Processing the calculated chis...
Processed!
begin plotting...
plotted!
ccount = 6
Calculating chis...
Calculated!
Processing the calculated chis...
Processed!
begin plotting...
plotted!
ccount = 7
Calculating chis...
Calculated!
Processing the calculated chis...
Processed!
begin plotting...
plotted!
rcount = 6
ccount = -1
Calculating chis...
Calculated!
Processing the calculated chis...
Processed!
begin plotting...
plotted!
ccount = 0
Calculating chis...
Calculated!
Processing the calculated chis...
Processed!
begin plotting...
plotted!
ccount = 1
Calculating chis...
Calculated!
Processing the calculated chis...
Processed!
begin plotting...
plotted!
ccount = 2
Calculating chis...
Calculated!
Processing the calculated chis...
Processed!
begin plotting...
plotted!
ccount = 3
Calculating chis...
Calculated!
Processing the calculated chis...
Processed!
begin plotting...
plotted!
ccount = 4
Calculating chis...
Calculated!
Processing the calculated chis...
Processed!
begin plotting...
plotted!
ccount = 5
Calculating chis...
Calculated!
Processing the calculated chis...
Processed!
begin plotting...
plotted!
ccount = 6
Calculating chis...
Calculated!
Processing the calculated chis...
Processed!
begin plotting...
plotted!
ccount = 7
Calculating chis...
Calculated!
Processing the calculated chis...
Processed!
begin plotting...
plotted!
rcount = 7
ccount = -1
Calculating chis...
Calculated!
Processing the calculated chis...
Processed!
begin plotting...
plotted!
ccount = 0
Calculating chis...
Calculated!
Processing the calculated chis...
Processed!
begin plotting...
plotted!
ccount = 1
Calculating chis...
Calculated!
Processing the calculated chis...
Processed!
begin plotting...
plotted!
ccount = 2
Calculating chis...
Calculated!
Processing the calculated chis...
Processed!
begin plotting...
plotted!
ccount = 3
Calculating chis...
Calculated!
Processing the calculated chis...
Processed!
begin plotting...
plotted!
ccount = 4
Calculating chis...
Calculated!
Processing the calculated chis...
Processed!
begin plotting...
plotted!
ccount = 5
Calculating chis...
Calculated!
Processing the calculated chis...
Processed!
begin plotting...
plotted!
ccount = 6
Calculating chis...
Calculated!
Processing the calculated chis...
Processed!
begin plotting...
plotted!
ccount = 7
Calculating chis...
Calculated!
Processing the calculated chis...
Processed!
begin plotting...
plotted!
rcount = 8
ccount = -1
Calculating chis...
Calculated!
Processing the calculated chis...
Processed!
begin plotting...
plotted!
ccount = 0
Calculating chis...
Calculated!
Processing the calculated chis...
Processed!
begin plotting...
plotted!
ccount = 1
Calculating chis...
Calculated!
Processing the calculated chis...
Processed!
begin plotting...
plotted!
ccount = 2
Calculating chis...
Calculated!
Processing the calculated chis...
Processed!
begin plotting...
plotted!
ccount = 3
Calculating chis...
Calculated!
Processing the calculated chis...
Processed!
begin plotting...
plotted!
ccount = 4
Calculating chis...
Calculated!
Processing the calculated chis...
Processed!
begin plotting...
plotted!
ccount = 5
Calculating chis...
Calculated!
Processing the calculated chis...
Processed!
begin plotting...
plotted!
ccount = 6
Calculating chis...
Calculated!
Processing the calculated chis...
Processed!
begin plotting...
plotted!
ccount = 7
Calculating chis...
Calculated!
Processing the calculated chis...
Processed!
begin plotting...
plotted!
slurmstepd: error: Detected 1 oom-kill event(s) in StepId=797619.1. Some of your processes may have been killed by the cgroup out-of-memory handler.
srun: error: stellar-i02n20: task 0: Out Of Memory
srun: launch/slurm: _step_signal: Terminating StepId=797619.1
