/scratch/gpfs/satyend/MC_POLYMER/polymer_lattice/lattice_md/py_analysis/phase-behavior/phase-dw.py:41: RuntimeWarning: overflow encountered in exp
  fmsa = lambda emsa, emsn, T: g*np.exp (-1/T * emsa, dtype=np.float64)/zms(emsa, emsn, T)
/scratch/gpfs/satyend/MC_POLYMER/polymer_lattice/lattice_md/py_analysis/phase-behavior/phase-dw.py:39: RuntimeWarning: overflow encountered in exp
  zms  = lambda emsa, emsn, T: g*np.exp (-1/T * emsa, dtype=np.float64) + (1-g)*np.exp (-1/T * emsn, dtype=np.float64)
/scratch/gpfs/satyend/MC_POLYMER/polymer_lattice/lattice_md/py_analysis/phase-behavior/phase-dw.py:41: RuntimeWarning: invalid value encountered in true_divide
  fmsa = lambda emsa, emsn, T: g*np.exp (-1/T * emsa, dtype=np.float64)/zms(emsa, emsn, T)
/home/satyend/.conda/envs/data_analysis/lib/python3.9/site-packages/scipy/optimize/minpack.py:175: RuntimeWarning: The iteration is not making good progress, as measured by the 
  improvement from the last ten iterations.
  warnings.warn(msg, RuntimeWarning)
/scratch/gpfs/satyend/MC_POLYMER/polymer_lattice/lattice_md/py_analysis/phase-behavior/phase-dw.py:41: RuntimeWarning: invalid value encountered in double_scalars
  fmsa = lambda emsa, emsn, T: g*np.exp (-1/T * emsa, dtype=np.float64)/zms(emsa, emsn, T)
/scratch/gpfs/satyend/MC_POLYMER/polymer_lattice/lattice_md/py_analysis/phase-behavior/phase-dw.py:41: RuntimeWarning: overflow encountered in exp
  fmsa = lambda emsa, emsn, T: g*np.exp (-1/T * emsa, dtype=np.float64)/zms(emsa, emsn, T)
/scratch/gpfs/satyend/MC_POLYMER/polymer_lattice/lattice_md/py_analysis/phase-behavior/phase-dw.py:39: RuntimeWarning: overflow encountered in exp
  zms  = lambda emsa, emsn, T: g*np.exp (-1/T * emsa, dtype=np.float64) + (1-g)*np.exp (-1/T * emsn, dtype=np.float64)
/scratch/gpfs/satyend/MC_POLYMER/polymer_lattice/lattice_md/py_analysis/phase-behavior/phase-dw.py:41: RuntimeWarning: invalid value encountered in true_divide
  fmsa = lambda emsa, emsn, T: g*np.exp (-1/T * emsa, dtype=np.float64)/zms(emsa, emsn, T)
/home/satyend/.conda/envs/data_analysis/lib/python3.9/site-packages/scipy/optimize/minpack.py:175: RuntimeWarning: The iteration is not making good progress, as measured by the 
  improvement from the last ten iterations.
  warnings.warn(msg, RuntimeWarning)
/scratch/gpfs/satyend/MC_POLYMER/polymer_lattice/lattice_md/py_analysis/phase-behavior/phase-dw.py:41: RuntimeWarning: invalid value encountered in double_scalars
  fmsa = lambda emsa, emsn, T: g*np.exp (-1/T * emsa, dtype=np.float64)/zms(emsa, emsn, T)
/scratch/gpfs/satyend/MC_POLYMER/polymer_lattice/lattice_md/py_analysis/phase-behavior/phase-dw.py:41: RuntimeWarning: overflow encountered in exp
  fmsa = lambda emsa, emsn, T: g*np.exp (-1/T * emsa, dtype=np.float64)/zms(emsa, emsn, T)
/scratch/gpfs/satyend/MC_POLYMER/polymer_lattice/lattice_md/py_analysis/phase-behavior/phase-dw.py:39: RuntimeWarning: overflow encountered in exp
  zms  = lambda emsa, emsn, T: g*np.exp (-1/T * emsa, dtype=np.float64) + (1-g)*np.exp (-1/T * emsn, dtype=np.float64)
/scratch/gpfs/satyend/MC_POLYMER/polymer_lattice/lattice_md/py_analysis/phase-behavior/phase-dw.py:41: RuntimeWarning: invalid value encountered in true_divide
  fmsa = lambda emsa, emsn, T: g*np.exp (-1/T * emsa, dtype=np.float64)/zms(emsa, emsn, T)
/home/satyend/.conda/envs/data_analysis/lib/python3.9/site-packages/scipy/optimize/minpack.py:175: RuntimeWarning: The iteration is not making good progress, as measured by the 
  improvement from the last ten iterations.
  warnings.warn(msg, RuntimeWarning)
/scratch/gpfs/satyend/MC_POLYMER/polymer_lattice/lattice_md/py_analysis/phase-behavior/phase-dw.py:41: RuntimeWarning: invalid value encountered in double_scalars
  fmsa = lambda emsa, emsn, T: g*np.exp (-1/T * emsa, dtype=np.float64)/zms(emsa, emsn, T)
/scratch/gpfs/satyend/MC_POLYMER/polymer_lattice/lattice_md/py_analysis/phase-behavior/phase-dw.py:41: RuntimeWarning: overflow encountered in exp
  fmsa = lambda emsa, emsn, T: g*np.exp (-1/T * emsa, dtype=np.float64)/zms(emsa, emsn, T)
/scratch/gpfs/satyend/MC_POLYMER/polymer_lattice/lattice_md/py_analysis/phase-behavior/phase-dw.py:39: RuntimeWarning: overflow encountered in exp
  zms  = lambda emsa, emsn, T: g*np.exp (-1/T * emsa, dtype=np.float64) + (1-g)*np.exp (-1/T * emsn, dtype=np.float64)
/scratch/gpfs/satyend/MC_POLYMER/polymer_lattice/lattice_md/py_analysis/phase-behavior/phase-dw.py:41: RuntimeWarning: invalid value encountered in true_divide
  fmsa = lambda emsa, emsn, T: g*np.exp (-1/T * emsa, dtype=np.float64)/zms(emsa, emsn, T)
/home/satyend/.conda/envs/data_analysis/lib/python3.9/site-packages/scipy/optimize/minpack.py:175: RuntimeWarning: The iteration is not making good progress, as measured by the 
  improvement from the last ten iterations.
  warnings.warn(msg, RuntimeWarning)
/scratch/gpfs/satyend/MC_POLYMER/polymer_lattice/lattice_md/py_analysis/phase-behavior/phase-dw.py:41: RuntimeWarning: invalid value encountered in double_scalars
  fmsa = lambda emsa, emsn, T: g*np.exp (-1/T * emsa, dtype=np.float64)/zms(emsa, emsn, T)
/home/satyend/.conda/envs/data_analysis/lib/python3.9/site-packages/scipy/optimize/minpack.py:175: RuntimeWarning: The iteration is not making good progress, as measured by the 
  improvement from the last five Jacobian evaluations.
  warnings.warn(msg, RuntimeWarning)
/scratch/gpfs/satyend/MC_POLYMER/polymer_lattice/lattice_md/py_analysis/phase-behavior/phase-dw.py:41: RuntimeWarning: overflow encountered in exp
  fmsa = lambda emsa, emsn, T: g*np.exp (-1/T * emsa, dtype=np.float64)/zms(emsa, emsn, T)
/scratch/gpfs/satyend/MC_POLYMER/polymer_lattice/lattice_md/py_analysis/phase-behavior/phase-dw.py:39: RuntimeWarning: overflow encountered in exp
  zms  = lambda emsa, emsn, T: g*np.exp (-1/T * emsa, dtype=np.float64) + (1-g)*np.exp (-1/T * emsn, dtype=np.float64)
/scratch/gpfs/satyend/MC_POLYMER/polymer_lattice/lattice_md/py_analysis/phase-behavior/phase-dw.py:41: RuntimeWarning: invalid value encountered in true_divide
  fmsa = lambda emsa, emsn, T: g*np.exp (-1/T * emsa, dtype=np.float64)/zms(emsa, emsn, T)
/home/satyend/.conda/envs/data_analysis/lib/python3.9/site-packages/scipy/optimize/minpack.py:175: RuntimeWarning: The iteration is not making good progress, as measured by the 
  improvement from the last ten iterations.
  warnings.warn(msg, RuntimeWarning)
/scratch/gpfs/satyend/MC_POLYMER/polymer_lattice/lattice_md/py_analysis/phase-behavior/phase-dw.py:41: RuntimeWarning: invalid value encountered in double_scalars
  fmsa = lambda emsa, emsn, T: g*np.exp (-1/T * emsa, dtype=np.float64)/zms(emsa, emsn, T)
/home/satyend/.conda/envs/data_analysis/lib/python3.9/site-packages/scipy/optimize/minpack.py:175: RuntimeWarning: The iteration is not making good progress, as measured by the 
  improvement from the last five Jacobian evaluations.
  warnings.warn(msg, RuntimeWarning)
/scratch/gpfs/satyend/MC_POLYMER/polymer_lattice/lattice_md/py_analysis/phase-behavior/phase-dw.py:41: RuntimeWarning: overflow encountered in exp
  fmsa = lambda emsa, emsn, T: g*np.exp (-1/T * emsa, dtype=np.float64)/zms(emsa, emsn, T)
/scratch/gpfs/satyend/MC_POLYMER/polymer_lattice/lattice_md/py_analysis/phase-behavior/phase-dw.py:39: RuntimeWarning: overflow encountered in exp
  zms  = lambda emsa, emsn, T: g*np.exp (-1/T * emsa, dtype=np.float64) + (1-g)*np.exp (-1/T * emsn, dtype=np.float64)
/scratch/gpfs/satyend/MC_POLYMER/polymer_lattice/lattice_md/py_analysis/phase-behavior/phase-dw.py:41: RuntimeWarning: invalid value encountered in true_divide
  fmsa = lambda emsa, emsn, T: g*np.exp (-1/T * emsa, dtype=np.float64)/zms(emsa, emsn, T)
/home/satyend/.conda/envs/data_analysis/lib/python3.9/site-packages/scipy/optimize/minpack.py:175: RuntimeWarning: The iteration is not making good progress, as measured by the 
  improvement from the last ten iterations.
  warnings.warn(msg, RuntimeWarning)
/scratch/gpfs/satyend/MC_POLYMER/polymer_lattice/lattice_md/py_analysis/phase-behavior/phase-dw.py:41: RuntimeWarning: invalid value encountered in double_scalars
  fmsa = lambda emsa, emsn, T: g*np.exp (-1/T * emsa, dtype=np.float64)/zms(emsa, emsn, T)
/scratch/gpfs/satyend/MC_POLYMER/polymer_lattice/lattice_md/py_analysis/phase-behavior/phase-dw.py:40: RuntimeWarning: overflow encountered in exp
  fmma = lambda emma, emmn, T: g*np.exp (-1/T * emma, dtype=np.float64)/zmm(emma, emmn, T)
/scratch/gpfs/satyend/MC_POLYMER/polymer_lattice/lattice_md/py_analysis/phase-behavior/phase-dw.py:38: RuntimeWarning: overflow encountered in exp
  zmm  = lambda emma, emmn, T: g*np.exp (-1/T * emma, dtype=np.float64) + (1-g)*np.exp (-1/T * emmn, dtype=np.float64)
/scratch/gpfs/satyend/MC_POLYMER/polymer_lattice/lattice_md/py_analysis/phase-behavior/phase-dw.py:40: RuntimeWarning: invalid value encountered in true_divide
  fmma = lambda emma, emmn, T: g*np.exp (-1/T * emma, dtype=np.float64)/zmm(emma, emmn, T)
/scratch/gpfs/satyend/MC_POLYMER/polymer_lattice/lattice_md/py_analysis/phase-behavior/phase-dw.py:40: RuntimeWarning: overflow encountered in exp
  fmma = lambda emma, emmn, T: g*np.exp (-1/T * emma, dtype=np.float64)/zmm(emma, emmn, T)
/scratch/gpfs/satyend/MC_POLYMER/polymer_lattice/lattice_md/py_analysis/phase-behavior/phase-dw.py:38: RuntimeWarning: overflow encountered in exp
  zmm  = lambda emma, emmn, T: g*np.exp (-1/T * emma, dtype=np.float64) + (1-g)*np.exp (-1/T * emmn, dtype=np.float64)
/scratch/gpfs/satyend/MC_POLYMER/polymer_lattice/lattice_md/py_analysis/phase-behavior/phase-dw.py:40: RuntimeWarning: invalid value encountered in true_divide
  fmma = lambda emma, emmn, T: g*np.exp (-1/T * emma, dtype=np.float64)/zmm(emma, emmn, T)
/scratch/gpfs/satyend/MC_POLYMER/polymer_lattice/lattice_md/py_analysis/phase-behavior/phase-dw.py:40: RuntimeWarning: invalid value encountered in true_divide
  fmma = lambda emma, emmn, T: g*np.exp (-1/T * emma, dtype=np.float64)/zmm(emma, emmn, T)
/scratch/gpfs/satyend/MC_POLYMER/polymer_lattice/lattice_md/py_analysis/phase-behavior/phase-dw.py:40: RuntimeWarning: overflow encountered in exp
  fmma = lambda emma, emmn, T: g*np.exp (-1/T * emma, dtype=np.float64)/zmm(emma, emmn, T)
/scratch/gpfs/satyend/MC_POLYMER/polymer_lattice/lattice_md/py_analysis/phase-behavior/phase-dw.py:38: RuntimeWarning: overflow encountered in exp
  zmm  = lambda emma, emmn, T: g*np.exp (-1/T * emma, dtype=np.float64) + (1-g)*np.exp (-1/T * emmn, dtype=np.float64)
/home/satyend/.conda/envs/data_analysis/lib/python3.9/site-packages/scipy/optimize/minpack.py:175: RuntimeWarning: The iteration is not making good progress, as measured by the 
  improvement from the last five Jacobian evaluations.
  warnings.warn(msg, RuntimeWarning)
/scratch/gpfs/satyend/MC_POLYMER/polymer_lattice/lattice_md/py_analysis/phase-behavior/phase-dw.py:40: RuntimeWarning: overflow encountered in exp
  fmma = lambda emma, emmn, T: g*np.exp (-1/T * emma, dtype=np.float64)/zmm(emma, emmn, T)
/scratch/gpfs/satyend/MC_POLYMER/polymer_lattice/lattice_md/py_analysis/phase-behavior/phase-dw.py:38: RuntimeWarning: overflow encountered in exp
  zmm  = lambda emma, emmn, T: g*np.exp (-1/T * emma, dtype=np.float64) + (1-g)*np.exp (-1/T * emmn, dtype=np.float64)
/scratch/gpfs/satyend/MC_POLYMER/polymer_lattice/lattice_md/py_analysis/phase-behavior/phase-dw.py:40: RuntimeWarning: invalid value encountered in true_divide
  fmma = lambda emma, emmn, T: g*np.exp (-1/T * emma, dtype=np.float64)/zmm(emma, emmn, T)
/scratch/gpfs/satyend/MC_POLYMER/polymer_lattice/lattice_md/py_analysis/phase-behavior/phase-dw.py:40: RuntimeWarning: invalid value encountered in true_divide
  fmma = lambda emma, emmn, T: g*np.exp (-1/T * emma, dtype=np.float64)/zmm(emma, emmn, T)
slurmstepd: error: *** JOB 830128 ON stellar-k09n1 CANCELLED AT 2023-05-01T16:19:49 ***
"wait" command filed with exit code 0.
